This is pdfTeX, Version 3.141592653-2.6-1.40.24 (TeX Live 2022) (preloaded format=pdflatex 2022.9.24)  4 DEC 2022 12:39
entering extended mode
 restricted \write18 enabled.
 %&-line parsing enabled.
**Protocols.tex
(./Protocols.tex
LaTeX2e <2022-06-01> patch level 5
L3 programming layer <2022-08-30>
(c:/texlive/2022/texmf-dist/tex/latex/base/article.cls
Document Class: article 2021/10/04 v1.4n Standard LaTeX document class
(c:/texlive/2022/texmf-dist/tex/latex/base/size11.clo
File: size11.clo 2021/10/04 v1.4n Standard LaTeX file (size option)
)
\c@part=\count185
\c@section=\count186
\c@subsection=\count187
\c@subsubsection=\count188
\c@paragraph=\count189
\c@subparagraph=\count190
\c@figure=\count191
\c@table=\count192
\abovecaptionskip=\skip47
\belowcaptionskip=\skip48
\bibindent=\dimen138
)
(c:/texlive/2022/texmf-dist/tex/latex/tools/enumerate.sty
Package: enumerate 2015/07/23 v3.00 enumerate extensions (DPC)
\@enLab=\toks16
)
(c:/texlive/2022/texmf-dist/tex/latex/xcolor/xcolor.sty
Package: xcolor 2022/06/12 v2.14 LaTeX color extensions (UK)

(c:/texlive/2022/texmf-dist/tex/latex/graphics-cfg/color.cfg
File: color.cfg 2016/01/02 v1.6 sample color configuration
)
Package xcolor Info: Driver file: pdftex.def on input line 227.

(c:/texlive/2022/texmf-dist/tex/latex/graphics-def/pdftex.def
File: pdftex.def 2020/10/05 v1.2a Graphics/color driver for pdftex
)
(c:/texlive/2022/texmf-dist/tex/latex/graphics/mathcolor.ltx)
Package xcolor Info: Model `cmy' substituted by `cmy0' on input line 1353.
Package xcolor Info: Model `hsb' substituted by `rgb' on input line 1357.
Package xcolor Info: Model `RGB' extended on input line 1369.
Package xcolor Info: Model `HTML' substituted by `rgb' on input line 1371.
Package xcolor Info: Model `Hsb' substituted by `hsb' on input line 1372.
Package xcolor Info: Model `tHsb' substituted by `hsb' on input line 1373.
Package xcolor Info: Model `HSB' substituted by `hsb' on input line 1374.
Package xcolor Info: Model `Gray' substituted by `gray' on input line 1375.
Package xcolor Info: Model `wave' substituted by `hsb' on input line 1376.
)
(c:/texlive/2022/texmf-dist/tex/latex/graphics/graphicx.sty
Package: graphicx 2021/09/16 v1.2d Enhanced LaTeX Graphics (DPC,SPQR)

(c:/texlive/2022/texmf-dist/tex/latex/graphics/keyval.sty
Package: keyval 2022/05/29 v1.15 key=value parser (DPC)
\KV@toks@=\toks17
)
(c:/texlive/2022/texmf-dist/tex/latex/graphics/graphics.sty
Package: graphics 2022/03/10 v1.4e Standard LaTeX Graphics (DPC,SPQR)

(c:/texlive/2022/texmf-dist/tex/latex/graphics/trig.sty
Package: trig 2021/08/11 v1.11 sin cos tan (DPC)
)
(c:/texlive/2022/texmf-dist/tex/latex/graphics-cfg/graphics.cfg
File: graphics.cfg 2016/06/04 v1.11 sample graphics configuration
)
Package graphics Info: Driver file: pdftex.def on input line 107.
)
\Gin@req@height=\dimen139
\Gin@req@width=\dimen140
)
(c:/texlive/2022/texmf-dist/tex/generic/soul/soul.sty
Package: soul 2003/11/17 v2.4 letterspacing/underlining (mf)
\SOUL@word=\toks18
\SOUL@lasttoken=\toks19
\SOUL@cmds=\toks20
\SOUL@buffer=\toks21
\SOUL@token=\toks22
\SOUL@spaceskip=\skip49
\SOUL@ttwidth=\dimen141
\SOUL@uldp=\dimen142
\SOUL@ulht=\dimen143
)
(c:/texlive/2022/texmf-dist/tex/latex/url/url.sty
\Urlmuskip=\muskip16
Package: url 2013/09/16  ver 3.4  Verb mode for urls, etc.
)
(c:/texlive/2022/texmf-dist/tex/latex/bytefield/bytefield.sty
Package: bytefield 2021/08/17 v2.7 Network protocol diagrams

(c:/texlive/2022/texmf-dist/tex/latex/tools/calc.sty
Package: calc 2017/05/25 v4.3 Infix arithmetic (KKT,FJ)
\calc@Acount=\count193
\calc@Bcount=\count194
\calc@Adimen=\dimen144
\calc@Bdimen=\dimen145
\calc@Askip=\skip50
\calc@Bskip=\skip51
LaTeX Info: Redefining \setlength on input line 80.
LaTeX Info: Redefining \addtolength on input line 81.
\calc@Ccount=\count195
\calc@Cskip=\skip52
)
\bytefield@height=\skip53
\bytefield@height@increment=\skip54
\entire@bytefield@picture=\box51
\bf@bitwidth=\skip55
\bf@bitheight=\skip56
\units@wide=\skip57
\units@tall=\skip58
\units@high=\skip59
\header@xpos=\skip60
\c@header@val=\count196
\c@max@header@val=\count197
\curly@box=\box52
\wordlabelr@start=\skip61
\wordlabelr@end=\skip62
\wordlabell@start=\skip63
\wordlabell@end=\skip64
\total@lbox@width=\skip65
\label@box@width=\skip66
\label@box@height=\skip67
\word@label@box=\box53
)
(c:/texlive/2022/texmf-dist/tex/latex/hyperref/hyperref.sty
Package: hyperref 2022-06-20 v7.00s Hypertext links for LaTeX

(c:/texlive/2022/texmf-dist/tex/generic/ltxcmds/ltxcmds.sty
Package: ltxcmds 2020-05-10 v1.25 LaTeX kernel commands for general use (HO)
)
(c:/texlive/2022/texmf-dist/tex/generic/iftex/iftex.sty
Package: iftex 2022/02/03 v1.0f TeX engine tests
)
(c:/texlive/2022/texmf-dist/tex/generic/pdftexcmds/pdftexcmds.sty
Package: pdftexcmds 2020-06-27 v0.33 Utility functions of pdfTeX for LuaTeX (HO
)

(c:/texlive/2022/texmf-dist/tex/generic/infwarerr/infwarerr.sty
Package: infwarerr 2019/12/03 v1.5 Providing info/warning/error messages (HO)
)
Package pdftexcmds Info: \pdf@primitive is available.
Package pdftexcmds Info: \pdf@ifprimitive is available.
Package pdftexcmds Info: \pdfdraftmode found.
)
(c:/texlive/2022/texmf-dist/tex/generic/kvsetkeys/kvsetkeys.sty
Package: kvsetkeys 2019/12/15 v1.18 Key value parser (HO)
)
(c:/texlive/2022/texmf-dist/tex/generic/kvdefinekeys/kvdefinekeys.sty
Package: kvdefinekeys 2019-12-19 v1.6 Define keys (HO)
)
(c:/texlive/2022/texmf-dist/tex/generic/pdfescape/pdfescape.sty
Package: pdfescape 2019/12/09 v1.15 Implements pdfTeX's escape features (HO)
)
(c:/texlive/2022/texmf-dist/tex/latex/hycolor/hycolor.sty
Package: hycolor 2020-01-27 v1.10 Color options for hyperref/bookmark (HO)
)
(c:/texlive/2022/texmf-dist/tex/latex/letltxmacro/letltxmacro.sty
Package: letltxmacro 2019/12/03 v1.6 Let assignment for LaTeX macros (HO)
)
(c:/texlive/2022/texmf-dist/tex/latex/auxhook/auxhook.sty
Package: auxhook 2019-12-17 v1.6 Hooks for auxiliary files (HO)
)
(c:/texlive/2022/texmf-dist/tex/latex/hyperref/nameref.sty
Package: nameref 2022-05-17 v2.50 Cross-referencing by name of section

(c:/texlive/2022/texmf-dist/tex/latex/refcount/refcount.sty
Package: refcount 2019/12/15 v3.6 Data extraction from label references (HO)
)
(c:/texlive/2022/texmf-dist/tex/generic/gettitlestring/gettitlestring.sty
Package: gettitlestring 2019/12/15 v1.6 Cleanup title references (HO)

(c:/texlive/2022/texmf-dist/tex/latex/kvoptions/kvoptions.sty
Package: kvoptions 2022-06-15 v3.15 Key value format for package options (HO)
))
\c@section@level=\count198
)
\@linkdim=\dimen146
\Hy@linkcounter=\count199
\Hy@pagecounter=\count266

(c:/texlive/2022/texmf-dist/tex/latex/hyperref/pd1enc.def
File: pd1enc.def 2022-06-20 v7.00s Hyperref: PDFDocEncoding definition (HO)
Now handling font encoding PD1 ...
... no UTF-8 mapping file for font encoding PD1
)
(c:/texlive/2022/texmf-dist/tex/generic/intcalc/intcalc.sty
Package: intcalc 2019/12/15 v1.3 Expandable calculations with integers (HO)
)
(c:/texlive/2022/texmf-dist/tex/generic/etexcmds/etexcmds.sty
Package: etexcmds 2019/12/15 v1.7 Avoid name clashes with e-TeX commands (HO)
)
\Hy@SavedSpaceFactor=\count267

(c:/texlive/2022/texmf-dist/tex/latex/hyperref/puenc.def
File: puenc.def 2022-06-20 v7.00s Hyperref: PDF Unicode definition (HO)
Now handling font encoding PU ...
... no UTF-8 mapping file for font encoding PU
)
Package hyperref Info: Hyper figures OFF on input line 4162.
Package hyperref Info: Link nesting OFF on input line 4167.
Package hyperref Info: Hyper index ON on input line 4170.
Package hyperref Info: Plain pages OFF on input line 4177.
Package hyperref Info: Backreferencing OFF on input line 4182.
Package hyperref Info: Implicit mode ON; LaTeX internals redefined.
Package hyperref Info: Bookmarks ON on input line 4408.
\c@Hy@tempcnt=\count268
LaTeX Info: Redefining \url on input line 4746.
\XeTeXLinkMargin=\dimen147

(c:/texlive/2022/texmf-dist/tex/generic/bitset/bitset.sty
Package: bitset 2019/12/09 v1.3 Handle bit-vector datatype (HO)

(c:/texlive/2022/texmf-dist/tex/generic/bigintcalc/bigintcalc.sty
Package: bigintcalc 2019/12/15 v1.5 Expandable calculations on big integers (HO
)
))
\Fld@menulength=\count269
\Field@Width=\dimen148
\Fld@charsize=\dimen149
Package hyperref Info: Hyper figures OFF on input line 6024.
Package hyperref Info: Link nesting OFF on input line 6029.
Package hyperref Info: Hyper index ON on input line 6032.
Package hyperref Info: backreferencing OFF on input line 6039.
Package hyperref Info: Link coloring OFF on input line 6044.
Package hyperref Info: Link coloring with OCG OFF on input line 6049.
Package hyperref Info: PDF/A mode OFF on input line 6054.

(c:/texlive/2022/texmf-dist/tex/latex/base/atbegshi-ltx.sty
Package: atbegshi-ltx 2021/01/10 v1.0c Emulation of the original atbegshi
package with kernel methods
)
\Hy@abspage=\count270
\c@Item=\count271
\c@Hfootnote=\count272
)
Package hyperref Info: Driver (autodetected): hpdftex.

(c:/texlive/2022/texmf-dist/tex/latex/hyperref/hpdftex.def
File: hpdftex.def 2022-06-20 v7.00s Hyperref driver for pdfTeX

(c:/texlive/2022/texmf-dist/tex/latex/base/atveryend-ltx.sty
Package: atveryend-ltx 2020/08/19 v1.0a Emulation of the original atveryend pac
kage
with kernel methods
)
\Fld@listcount=\count273
\c@bookmark@seq@number=\count274

(c:/texlive/2022/texmf-dist/tex/latex/rerunfilecheck/rerunfilecheck.sty
Package: rerunfilecheck 2022-07-10 v1.10 Rerun checks for auxiliary files (HO)

(c:/texlive/2022/texmf-dist/tex/generic/uniquecounter/uniquecounter.sty
Package: uniquecounter 2019/12/15 v1.4 Provide unlimited unique counter (HO)
)
Package uniquecounter Info: New unique counter `rerunfilecheck' on input line 2
85.
)
\Hy@SectionHShift=\skip68
)
(c:/texlive/2022/texmf-dist/tex/latex/chngcntr/chngcntr.sty
Package: chngcntr 2018/04/09 v1.1a change counter resetting
Package chngcntr Info: \counterwithout already defined.
(chngcntr)             Quitting chngcntr on input line 21.
)
(c:/texlive/2022/texmf-dist/tex/latex/mdwtools/footnote.sty
Package: footnote 1997/01/28 1.13 Save footnotes around boxes
\fn@notes=\box54
\fn@width=\dimen150
)
(c:/texlive/2022/texmf-dist/tex/latex/float/float.sty
Package: float 2001/11/08 v1.3d Float enhancements (AL)
\c@float@type=\count275
\float@exts=\toks23
\float@box=\box55
\@float@everytoks=\toks24
\@floatcapt=\box56
)
(c:/texlive/2022/texmf-dist/tex/latex/tools/longtable.sty
Package: longtable 2021-09-01 v4.17 Multi-page Table package (DPC)
\LTleft=\skip69
\LTright=\skip70
\LTpre=\skip71
\LTpost=\skip72
\LTchunksize=\count276
\LTcapwidth=\dimen151
\LT@head=\box57
\LT@firsthead=\box58
\LT@foot=\box59
\LT@lastfoot=\box60
\LT@gbox=\box61
\LT@cols=\count277
\LT@rows=\count278
\c@LT@tables=\count279
\c@LT@chunks=\count280
\LT@p@ftn=\toks25
)
(c:/texlive/2022/texmf-dist/tex/latex/subfloat/subfloat.sty
Package: subfloat 2003/08/21 version 2.14

Package `subfloat', Version 2.14 of 2003/08/21.

Package subfloat Warning: Numbers of floats not counted:
(subfloat)                If you use one of the counters subfloatfiguremax or
(subfloat)                subfloattablemax you will get strange error messages
(subfloat)                containing \c@subfloatfiguremax or
(subfloat)                \c@subfloattablemax:
(subfloat)                Please switch on countmax or remove the code using
(subfloat)                the counter then..

) (c:/texlive/2022/texmf-dist/tex/latex/psnfss/pifont.sty
Package: pifont 2020/03/25 PSNFSS-v9.3 Pi font support (SPQR) 
LaTeX Font Info:    Trying to load font information for U+pzd on input line 63.


(c:/texlive/2022/texmf-dist/tex/latex/psnfss/upzd.fd
File: upzd.fd 2001/06/04 font definitions for U/pzd.
)
LaTeX Font Info:    Trying to load font information for U+psy on input line 64.


(c:/texlive/2022/texmf-dist/tex/latex/psnfss/upsy.fd
File: upsy.fd 2001/06/04 font definitions for U/psy.
))
(c:/texlive/2022/texmf-dist/tex/latex/apacite/apacite.sty
Package: apacite 2013/07/21 v6.03 APA citation
\c@BibCnt=\count281
\bibleftmargin=\skip73
\bibindent=\skip74
\bibparsep=\skip75
\bibitemsep=\skip76
\biblabelsep=\skip77
)
(c:/texlive/2022/texmf-dist/tex/latex/natbib/natbib.sty
Package: natbib 2010/09/13 8.31b (PWD, AO)
\bibhang=\skip78
\bibsep=\skip79
LaTeX Info: Redefining \cite on input line 694.
\c@NAT@ctr=\count282
)
LaTeX Info: Redefining \BBA on input line 48.

(c:/texlive/2022/texmf-dist/tex/latex/glossaries/base/glossaries.sty
Package: glossaries 2021/11/01 v4.49 (NLCT)

(c:/texlive/2022/texmf-dist/tex/latex/base/ifthen.sty
Package: ifthen 2022/04/13 v1.1d Standard LaTeX ifthen package (DPC)
)
(c:/texlive/2022/texmf-dist/tex/latex/xkeyval/xkeyval.sty
Package: xkeyval 2022/06/16 v2.9 package option processing (HA)

(c:/texlive/2022/texmf-dist/tex/generic/xkeyval/xkeyval.tex
(c:/texlive/2022/texmf-dist/tex/generic/xkeyval/xkvutils.tex
\XKV@toks=\toks26
\XKV@tempa@toks=\toks27
)
\XKV@depth=\count283
File: xkeyval.tex 2014/12/03 v2.7a key=value parser (HA)
))
(c:/texlive/2022/texmf-dist/tex/latex/mfirstuc/mfirstuc.sty
Package: mfirstuc 2021/10/15 v2.07 (NLCT)

(c:/texlive/2022/texmf-dist/tex/latex/etoolbox/etoolbox.sty
Package: etoolbox 2020/10/05 v2.5k e-TeX tools for LaTeX (JAW)
\etb@tempcnta=\count284
)
\@glsmfirst=\toks28
\@glsmrest=\toks29
)
(c:/texlive/2022/texmf-dist/tex/latex/textcase/textcase.sty
Package: textcase 2022/07/10 v1.03 Text only upper/lower case changing (DPC)
Package textcase Info: Defining Legacy names on input line 20.
)
(c:/texlive/2022/texmf-dist/tex/latex/xfor/xfor.sty
Package: xfor 2009/02/05 v1.05 (NLCT)
)
(c:/texlive/2022/texmf-dist/tex/latex/datatool/datatool-base.sty
Package: datatool-base 2019/09/27 v2.32 (NLCT)

(c:/texlive/2022/texmf-dist/tex/latex/amsmath/amsmath.sty
Package: amsmath 2022/04/08 v2.17n AMS math features
\@mathmargin=\skip80

For additional information on amsmath, use the `?' option.
(c:/texlive/2022/texmf-dist/tex/latex/amsmath/amstext.sty
Package: amstext 2021/08/26 v2.01 AMS text

(c:/texlive/2022/texmf-dist/tex/latex/amsmath/amsgen.sty
File: amsgen.sty 1999/11/30 v2.0 generic functions
\@emptytoks=\toks30
\ex@=\dimen152
))
(c:/texlive/2022/texmf-dist/tex/latex/amsmath/amsbsy.sty
Package: amsbsy 1999/11/29 v1.2d Bold Symbols
\pmbraise@=\dimen153
)
(c:/texlive/2022/texmf-dist/tex/latex/amsmath/amsopn.sty
Package: amsopn 2022/04/08 v2.04 operator names
)
\inf@bad=\count285
LaTeX Info: Redefining \frac on input line 234.
\uproot@=\count286
\leftroot@=\count287
LaTeX Info: Redefining \overline on input line 399.
LaTeX Info: Redefining \colon on input line 410.
\classnum@=\count288
\DOTSCASE@=\count289
LaTeX Info: Redefining \ldots on input line 496.
LaTeX Info: Redefining \dots on input line 499.
LaTeX Info: Redefining \cdots on input line 620.
\Mathstrutbox@=\box62
\strutbox@=\box63
LaTeX Info: Redefining \big on input line 722.
LaTeX Info: Redefining \Big on input line 723.
LaTeX Info: Redefining \bigg on input line 724.
LaTeX Info: Redefining \Bigg on input line 725.
\big@size=\dimen154
LaTeX Font Info:    Redeclaring font encoding OML on input line 743.
LaTeX Font Info:    Redeclaring font encoding OMS on input line 744.
\macc@depth=\count290
LaTeX Info: Redefining \bmod on input line 905.
LaTeX Info: Redefining \pmod on input line 910.
LaTeX Info: Redefining \smash on input line 940.
LaTeX Info: Redefining \relbar on input line 970.
LaTeX Info: Redefining \Relbar on input line 971.
\c@MaxMatrixCols=\count291
\dotsspace@=\muskip17
\c@parentequation=\count292
\dspbrk@lvl=\count293
\tag@help=\toks31
\row@=\count294
\column@=\count295
\maxfields@=\count296
\andhelp@=\toks32
\eqnshift@=\dimen155
\alignsep@=\dimen156
\tagshift@=\dimen157
\tagwidth@=\dimen158
\totwidth@=\dimen159
\lineht@=\dimen160
\@envbody=\toks33
\multlinegap=\skip81
\multlinetaggap=\skip82
\mathdisplay@stack=\toks34
LaTeX Info: Redefining \[ on input line 2953.
LaTeX Info: Redefining \] on input line 2954.
)
(c:/texlive/2022/texmf-dist/tex/latex/substr/substr.sty
Package: substr 2009/10/20 v1.2 Handle substrings
\c@su@anzahl=\count297
)
(c:/texlive/2022/texmf-dist/tex/latex/datatool/datatool-fp.sty
Package: datatool-fp 2019/09/27 v2.32 (NLCT)

(c:/texlive/2022/texmf-dist/tex/latex/fp/fp.sty
Package: fp 1995/04/02

`Fixed Point Package', Version 0.8, April 2, 1995 (C) Michael Mehlich
(c:/texlive/2022/texmf-dist/tex/latex/fp/defpattern.sty
Package: defpattern 1994/10/12
\actioncount=\count298
)
(c:/texlive/2022/texmf-dist/tex/latex/fp/fp-basic.sty
Package: fp-basic 1996/05/13
\FP@xs=\count299
\FP@xia=\count300
\FP@xib=\count301
\FP@xfa=\count302
\FP@xfb=\count303
\FP@rega=\count304
\FP@regb=\count305
\FP@regs=\count306
\FP@times=\count307
)
(c:/texlive/2022/texmf-dist/tex/latex/fp/fp-addons.sty
Package: fp-addons 1995/03/15
)
(c:/texlive/2022/texmf-dist/tex/latex/fp/fp-snap.sty
Package: fp-snap 1995/04/05
)
(c:/texlive/2022/texmf-dist/tex/latex/fp/fp-exp.sty
Package: fp-exp 1995/04/03
)
(c:/texlive/2022/texmf-dist/tex/latex/fp/fp-trigo.sty
Package: fp-trigo 1995/04/14
)
(c:/texlive/2022/texmf-dist/tex/latex/fp/fp-pas.sty
Package: fp-pas 1994/08/29
)
(c:/texlive/2022/texmf-dist/tex/latex/fp/fp-random.sty
Package: fp-random 1995/02/23
\FPseed=\count308
)
(c:/texlive/2022/texmf-dist/tex/latex/fp/fp-eqn.sty
Package: fp-eqn 1995/04/03
)
(c:/texlive/2022/texmf-dist/tex/latex/fp/fp-upn.sty
Package: fp-upn 1996/10/21
)
(c:/texlive/2022/texmf-dist/tex/latex/fp/fp-eval.sty
Package: fp-eval 1995/04/03
)))
\@dtl@toks=\toks35
\@dtl@tmpcount=\count309
\dtl@tmplength=\skip83
\dtl@sortresult=\count310
\@dtl@numgrpsepcount=\count311
\@dtl@datatype=\count312
\dtl@codeA=\count313
\dtl@codeB=\count314
\@dtl@foreach@level=\count315
)
(c:/texlive/2022/texmf-dist/tex/latex/glossaries/base/glossaries-compatible-307
.sty
Package: glossaries-compatible-307 2021/11/01 v4.49 (NLCT)
)
\gls@level=\count316
\@gls@tmpb=\toks36
\gls@tmplen=\skip84
\glskeylisttok=\toks37
\glslabeltok=\toks38
\glsshorttok=\toks39
\glslongtok=\toks40

(c:/texlive/2022/texmf-dist/tex/latex/glossaries/styles/glossary-hypernav.sty
Package: glossary-hypernav 2021/11/01 v4.49 (NLCT)
)
(c:/texlive/2022/texmf-dist/tex/latex/glossaries/styles/glossary-list.sty
Package: glossary-list 2021/11/01 v4.49 (NLCT)
\glslistdottedwidth=\skip85
)
(c:/texlive/2022/texmf-dist/tex/latex/glossaries/styles/glossary-long.sty
Package: glossary-long 2021/11/01 v4.49 (NLCT)
\glsdescwidth=\skip86
\glspagelistwidth=\skip87
)
(c:/texlive/2022/texmf-dist/tex/latex/glossaries/styles/glossary-super.sty
Package: glossary-super 2021/11/01 v4.49 (NLCT)

(c:/texlive/2022/texmf-dist/tex/latex/supertabular/supertabular.sty
Package: supertabular 2020/02/02 v4.1g the supertabular environment
\c@tracingst=\count317
\ST@wd=\dimen161
\ST@rightskip=\skip88
\ST@leftskip=\skip89
\ST@parfillskip=\skip90
\ST@pageleft=\dimen162
\ST@headht=\dimen163
\ST@tailht=\dimen164
\ST@pagesofar=\dimen165
\ST@pboxht=\dimen166
\ST@lineht=\dimen167
\ST@prevht=\dimen168
\ST@toadd=\dimen169
\ST@dimen=\dimen170
\ST@pbox=\box64
))
(c:/texlive/2022/texmf-dist/tex/latex/glossaries/styles/glossary-tree.sty
Package: glossary-tree 2021/11/01 v4.49 (NLCT)
\glstreeindent=\skip91
))
(./rail.sty
Package: rail 1998/05/19
\railunit=\skip92
\railextra=\skip93
\railboxheight=\skip94
\railboxskip=\skip95
\railboxleft=\skip96
\railboxright=\skip97
\railovalspace=\skip98
\railframespace=\skip99
\railtextleft=\skip100
\railtextright=\skip101
\railtextup=\skip102
\railjoinsize=\skip103
\railjoinadjust=\skip104
\railnamesep=\skip105
\rail@extra=\count318
\rail@boxht=\count319
\rail@boxsp=\count320
\rail@boxlf=\count321
\rail@boxrt=\count322
\rail@boxhht=\count323
\rail@ovalsp=\count324
\rail@framesp=\count325
\rail@textlf=\count326
\rail@textrt=\count327
\rail@textup=\count328
\rail@joinsz=\count329
\rail@joinhsz=\count330
\rail@joinadj=\count331
\rail@reserved=\toks41
\rail@nr=\count332
\rail@x=\count333
\rail@y=\count334
\rail@ex=\count335
\rail@sx=\count336
\rail@rx=\count337
\rail@tmpa=\count338
\rail@tmpb=\count339
\rail@tmpc=\count340
\rail@box=\box65
\rail@jx=\count341
\rail@jy=\count342
\rail@gx=\count343
\rail@gy=\count344
\rail@gex=\count345
\rail@grx=\count346
\rail@sy=\count347
\rail@mx=\count348
)
\@float@every@figure=\toks42
\@float@every@table=\toks43
\glswrite=\write3
\glo@main@file=\write4
\openout4 = `Protocols.glo'.

Package glossaries Info: Writing glossary file Protocols.glo on input line 82.
\glo@acronym@file=\write5
\openout5 = `Protocols.acn'.

Package glossaries Info: Writing glossary file Protocols.acn on input line 82.
 (./glossaries.tex)
(c:/texlive/2022/texmf-dist/tex/latex/l3backend/l3backend-pdftex.def
File: l3backend-pdftex.def 2022-08-30 L3 backend support: PDF output (pdfTeX)
\l__color_backend_stack_int=\count349
\l__pdf_internal_box=\box66
)
(./Protocols.aux (./A-Blocks.aux))
\openout1 = `Protocols.aux'.

LaTeX Font Info:    Checking defaults for OML/cmm/m/it on input line 94.
LaTeX Font Info:    ... okay on input line 94.
LaTeX Font Info:    Checking defaults for OMS/cmsy/m/n on input line 94.
LaTeX Font Info:    ... okay on input line 94.
LaTeX Font Info:    Checking defaults for OT1/cmr/m/n on input line 94.
LaTeX Font Info:    ... okay on input line 94.
LaTeX Font Info:    Checking defaults for T1/cmr/m/n on input line 94.
LaTeX Font Info:    ... okay on input line 94.
LaTeX Font Info:    Checking defaults for TS1/cmr/m/n on input line 94.
LaTeX Font Info:    ... okay on input line 94.
LaTeX Font Info:    Checking defaults for OMX/cmex/m/n on input line 94.
LaTeX Font Info:    ... okay on input line 94.
LaTeX Font Info:    Checking defaults for U/cmr/m/n on input line 94.
LaTeX Font Info:    ... okay on input line 94.
LaTeX Font Info:    Checking defaults for PD1/pdf/m/n on input line 94.
LaTeX Font Info:    ... okay on input line 94.
LaTeX Font Info:    Checking defaults for PU/pdf/m/n on input line 94.
LaTeX Font Info:    ... okay on input line 94.

(c:/texlive/2022/texmf-dist/tex/context/base/mkii/supp-pdf.mkii
[Loading MPS to PDF converter (version 2006.09.02).]
\scratchcounter=\count350
\scratchdimen=\dimen171
\scratchbox=\box67
\nofMPsegments=\count351
\nofMParguments=\count352
\everyMPshowfont=\toks44
\MPscratchCnt=\count353
\MPscratchDim=\dimen172
\MPnumerator=\count354
\makeMPintoPDFobject=\count355
\everyMPtoPDFconversion=\toks45
) (c:/texlive/2022/texmf-dist/tex/latex/epstopdf-pkg/epstopdf-base.sty
Package: epstopdf-base 2020-01-24 v2.11 Base part for package epstopdf
Package epstopdf-base Info: Redefining graphics rule for `.eps' on input line 4
85.

(c:/texlive/2022/texmf-dist/tex/latex/latexconfig/epstopdf-sys.cfg
File: epstopdf-sys.cfg 2010/07/13 v1.3 Configuration of (r)epstopdf for TeX Liv
e
))
Package hyperref Info: Link coloring OFF on input line 94.

(./Protocols.out) (./Protocols.out)
\@outlinefile=\write6
\openout6 = `Protocols.out'.

\c@maskedRefs=\count356

(c:/texlive/2022/texmf-dist/tex/latex/apacite/english.apc
File: english.apc 2013/07/21 v6.03 apacite language file
LaTeX Info: Redefining \BPBI on input line 129.
LaTeX Info: Redefining \BHBI on input line 130.
) [1

\openout3 = `Protocols.ist'.

{c:/texlive/2022/texmf-var/fonts/map/pdftex/updmap/pdftex.map}]
LaTeX Font Info:    Trying to load font information for OT1+phv on input line 1
38.

(c:/texlive/2022/texmf-dist/tex/latex/psnfss/ot1phv.fd
File: ot1phv.fd 2020/03/25 scalable font definitions for OT1/phv.
) (./Protocols.toc
[2

] [3] [4] [5])
\tf@toc=\write7
\openout7 = `Protocols.toc'.

 [6] (./Protocols.lof [7

])
\tf@lof=\write8
\openout8 = `Protocols.lof'.

 [8] (./Protocols.lot [9

] [10])
\tf@lot=\write9
\openout9 = `Protocols.lot'.


[11] (./Protocols.gls) [12

]
\width=\dimen173
\height=\dimen174
\depth=\dimen175
\totalheight=\dimen176
\width=\dimen177
\height=\dimen178
\depth=\dimen179
\totalheight=\dimen180
\width=\dimen181
\height=\dimen182
\depth=\dimen183
\totalheight=\dimen184
\width=\dimen185
\height=\dimen186
\depth=\dimen187
\totalheight=\dimen188
\width=\dimen189
\height=\dimen190
\depth=\dimen191
\totalheight=\dimen192
\width=\dimen193
\height=\dimen194
\depth=\dimen195
\totalheight=\dimen196
 [13

]
\width=\dimen197
\height=\dimen198
\depth=\dimen199
\totalheight=\dimen256
\width=\dimen257
\height=\dimen258
\depth=\dimen259
\totalheight=\dimen260
 [14]
\width=\dimen261
\height=\dimen262
\depth=\dimen263
\totalheight=\dimen264
\width=\dimen265
\height=\dimen266
\depth=\dimen267
\totalheight=\dimen268
\width=\dimen269
\height=\dimen270
\depth=\dimen271
\totalheight=\dimen272
\width=\dimen273
\height=\dimen274
\depth=\dimen275
\totalheight=\dimen276
\width=\dimen277
\height=\dimen278
\depth=\dimen279
\totalheight=\dimen280
\width=\dimen281
\height=\dimen282
\depth=\dimen283
\totalheight=\dimen284
\width=\dimen285
\height=\dimen286
\depth=\dimen287
\totalheight=\dimen288
\width=\dimen289
\height=\dimen290
\depth=\dimen291
\totalheight=\dimen292
\width=\dimen293
\height=\dimen294
\depth=\dimen295
\totalheight=\dimen296
\width=\dimen297
\height=\dimen298
\depth=\dimen299
\totalheight=\dimen300
\width=\dimen301
\height=\dimen302
\depth=\dimen303
\totalheight=\dimen304
\width=\dimen305
\height=\dimen306
\depth=\dimen307
\totalheight=\dimen308
\width=\dimen309
\height=\dimen310
\depth=\dimen311
\totalheight=\dimen312
\width=\dimen313
\height=\dimen314
\depth=\dimen315
\totalheight=\dimen316
\width=\dimen317
\height=\dimen318
\depth=\dimen319
\totalheight=\dimen320
\width=\dimen321
\height=\dimen322
\depth=\dimen323
\totalheight=\dimen324
\width=\dimen325
\height=\dimen326
\depth=\dimen327
\totalheight=\dimen328
\width=\dimen329
\height=\dimen330
\depth=\dimen331
\totalheight=\dimen332
\width=\dimen333
\height=\dimen334
\depth=\dimen335
\totalheight=\dimen336
\width=\dimen337
\height=\dimen338
\depth=\dimen339
\totalheight=\dimen340
\width=\dimen341
\height=\dimen342
\depth=\dimen343
\totalheight=\dimen344
\width=\dimen345
\height=\dimen346
\depth=\dimen347
\totalheight=\dimen348
\width=\dimen349
\height=\dimen350
\depth=\dimen351
\totalheight=\dimen352
\width=\dimen353
\height=\dimen354
\depth=\dimen355
\totalheight=\dimen356
\width=\dimen357
\height=\dimen358
\depth=\dimen359
\totalheight=\dimen360
 [15]
\width=\dimen361
\height=\dimen362
\depth=\dimen363
\totalheight=\dimen364
\width=\dimen365
\height=\dimen366
\depth=\dimen367
\totalheight=\dimen368
\width=\dimen369
\height=\dimen370
\depth=\dimen371
\totalheight=\dimen372
\width=\dimen373
\height=\dimen374
\depth=\dimen375
\totalheight=\dimen376
\width=\dimen377
\height=\dimen378
\depth=\dimen379
\totalheight=\dimen380
\width=\dimen381
\height=\dimen382
\depth=\dimen383
\totalheight=\dimen384
\width=\dimen385
\height=\dimen386
\depth=\dimen387
\totalheight=\dimen388
 [16]
\width=\dimen389
\height=\dimen390
\depth=\dimen391
\totalheight=\dimen392
\width=\dimen393
\height=\dimen394
\depth=\dimen395
\totalheight=\dimen396
\width=\dimen397
\height=\dimen398
\depth=\dimen399
\totalheight=\dimen400
\width=\dimen401
\height=\dimen402
\depth=\dimen403
\totalheight=\dimen404
\width=\dimen405
\height=\dimen406
\depth=\dimen407
\totalheight=\dimen408
\width=\dimen409
\height=\dimen410
\depth=\dimen411
\totalheight=\dimen412
\width=\dimen413
\height=\dimen414
\depth=\dimen415
\totalheight=\dimen416
\width=\dimen417
\height=\dimen418
\depth=\dimen419
\totalheight=\dimen420
 [17]
\width=\dimen421
\height=\dimen422
\depth=\dimen423
\totalheight=\dimen424
\width=\dimen425
\height=\dimen426
\depth=\dimen427
\totalheight=\dimen428
\width=\dimen429
\height=\dimen430
\depth=\dimen431
\totalheight=\dimen432
\width=\dimen433
\height=\dimen434
\depth=\dimen435
\totalheight=\dimen436
\width=\dimen437
\height=\dimen438
\depth=\dimen439
\totalheight=\dimen440
\width=\dimen441
\height=\dimen442
\depth=\dimen443
\totalheight=\dimen444
\width=\dimen445
\height=\dimen446
\depth=\dimen447
\totalheight=\dimen448
\width=\dimen449
\height=\dimen450
\depth=\dimen451
\totalheight=\dimen452
\width=\dimen453
\height=\dimen454
\depth=\dimen455
\totalheight=\dimen456
\width=\dimen457
\height=\dimen458
\depth=\dimen459
\totalheight=\dimen460
\width=\dimen461
\height=\dimen462
\depth=\dimen463
\totalheight=\dimen464
\width=\dimen465
\height=\dimen466
\depth=\dimen467
\totalheight=\dimen468
\width=\dimen469
\height=\dimen470
\depth=\dimen471
\totalheight=\dimen472
\width=\dimen473
\height=\dimen474
\depth=\dimen475
\totalheight=\dimen476
\width=\dimen477
\height=\dimen478
\depth=\dimen479
\totalheight=\dimen480
\width=\dimen481
\height=\dimen482
\depth=\dimen483
\totalheight=\dimen484
\width=\dimen485
\height=\dimen486
\depth=\dimen487
\totalheight=\dimen488
\width=\dimen489
\height=\dimen490
\depth=\dimen491
\totalheight=\dimen492
\width=\dimen493
\height=\dimen494
\depth=\dimen495
\totalheight=\dimen496
\width=\dimen497
\height=\dimen498
\depth=\dimen499
\totalheight=\dimen500
\width=\dimen501
\height=\dimen502
\depth=\dimen503
\totalheight=\dimen504

Overfull \hbox (2.43329pt too wide) in paragraph at lines 341--341
 [][]\OT1/cmr/m/n/10.95 locked[] 
 []

\width=\dimen505
\height=\dimen506
\depth=\dimen507
\totalheight=\dimen508
\width=\dimen509
\height=\dimen510
\depth=\dimen511
\totalheight=\dimen512
\width=\dimen513
\height=\dimen514
\depth=\dimen515
\totalheight=\dimen516
\width=\dimen517
\height=\dimen518
\depth=\dimen519
\totalheight=\dimen520
\width=\dimen521
\height=\dimen522
\depth=\dimen523
\totalheight=\dimen524
\width=\dimen525
\height=\dimen526
\depth=\dimen527
\totalheight=\dimen528
\width=\dimen529
\height=\dimen530
\depth=\dimen531
\totalheight=\dimen532
\width=\dimen533
\height=\dimen534
\depth=\dimen535
\totalheight=\dimen536
\width=\dimen537
\height=\dimen538
\depth=\dimen539
\totalheight=\dimen540
\width=\dimen541
\height=\dimen542
\depth=\dimen543
\totalheight=\dimen544
\width=\dimen545
\height=\dimen546
\depth=\dimen547
\totalheight=\dimen548
\width=\dimen549
\height=\dimen550
\depth=\dimen551
\totalheight=\dimen552
\width=\dimen553
\height=\dimen554
\depth=\dimen555
\totalheight=\dimen556
\width=\dimen557
\height=\dimen558
\depth=\dimen559
\totalheight=\dimen560
\width=\dimen561
\height=\dimen562
\depth=\dimen563
\totalheight=\dimen564
\width=\dimen565
\height=\dimen566
\depth=\dimen567
\totalheight=\dimen568
\width=\dimen569
\height=\dimen570
\depth=\dimen571
\totalheight=\dimen572
\width=\dimen573
\height=\dimen574
\depth=\dimen575
\totalheight=\dimen576
\width=\dimen577
\height=\dimen578
\depth=\dimen579
\totalheight=\dimen580
\width=\dimen581
\height=\dimen582
\depth=\dimen583
\totalheight=\dimen584
\width=\dimen585
\height=\dimen586
\depth=\dimen587
\totalheight=\dimen588
\width=\dimen589
\height=\dimen590
\depth=\dimen591
\totalheight=\dimen592
\width=\dimen593
\height=\dimen594
\depth=\dimen595
\totalheight=\dimen596
\width=\dimen597
\height=\dimen598
\depth=\dimen599
\totalheight=\dimen600
\width=\dimen601
\height=\dimen602
\depth=\dimen603
\totalheight=\dimen604
\width=\dimen605
\height=\dimen606
\depth=\dimen607
\totalheight=\dimen608
\width=\dimen609
\height=\dimen610
\depth=\dimen611
\totalheight=\dimen612
\width=\dimen613
\height=\dimen614
\depth=\dimen615
\totalheight=\dimen616
\width=\dimen617
\height=\dimen618
\depth=\dimen619
\totalheight=\dimen620
\width=\dimen621
\height=\dimen622
\depth=\dimen623
\totalheight=\dimen624
\width=\dimen625
\height=\dimen626
\depth=\dimen627
\totalheight=\dimen628
\width=\dimen629
\height=\dimen630
\depth=\dimen631
\totalheight=\dimen632
\width=\dimen633
\height=\dimen634
\depth=\dimen635
\totalheight=\dimen636
\width=\dimen637
\height=\dimen638
\depth=\dimen639
\totalheight=\dimen640
\width=\dimen641
\height=\dimen642
\depth=\dimen643
\totalheight=\dimen644
\width=\dimen645
\height=\dimen646
\depth=\dimen647
\totalheight=\dimen648
\width=\dimen649
\height=\dimen650
\depth=\dimen651
\totalheight=\dimen652
\width=\dimen653
\height=\dimen654
\depth=\dimen655
\totalheight=\dimen656
\width=\dimen657
\height=\dimen658
\depth=\dimen659
\totalheight=\dimen660
\width=\dimen661
\height=\dimen662
\depth=\dimen663
\totalheight=\dimen664
\width=\dimen665
\height=\dimen666
\depth=\dimen667
\totalheight=\dimen668
\width=\dimen669
\height=\dimen670
\depth=\dimen671
\totalheight=\dimen672
\width=\dimen673
\height=\dimen674
\depth=\dimen675
\totalheight=\dimen676
\width=\dimen677
\height=\dimen678
\depth=\dimen679
\totalheight=\dimen680
\width=\dimen681
\height=\dimen682
\depth=\dimen683
\totalheight=\dimen684
\width=\dimen685
\height=\dimen686
\depth=\dimen687
\totalheight=\dimen688
\width=\dimen689
\height=\dimen690
\depth=\dimen691
\totalheight=\dimen692
\width=\dimen693
\height=\dimen694
\depth=\dimen695
\totalheight=\dimen696
\width=\dimen697
\height=\dimen698
\depth=\dimen699
\totalheight=\dimen700
\width=\dimen701
\height=\dimen702
\depth=\dimen703
\totalheight=\dimen704
\width=\dimen705
\height=\dimen706
\depth=\dimen707
\totalheight=\dimen708

Overfull \hbox (5.73099pt too wide) in paragraph at lines 368--370
 [][] 
 []

[18]
\width=\dimen709
\height=\dimen710
\depth=\dimen711
\totalheight=\dimen712
\width=\dimen713
\height=\dimen714
\depth=\dimen715
\totalheight=\dimen716
\width=\dimen717
\height=\dimen718
\depth=\dimen719
\totalheight=\dimen720
\width=\dimen721
\height=\dimen722
\depth=\dimen723
\totalheight=\dimen724
\width=\dimen725
\height=\dimen726
\depth=\dimen727
\totalheight=\dimen728
\width=\dimen729
\height=\dimen730
\depth=\dimen731
\totalheight=\dimen732
\width=\dimen733
\height=\dimen734
\depth=\dimen735
\totalheight=\dimen736
\width=\dimen737
\height=\dimen738
\depth=\dimen739
\totalheight=\dimen740
\width=\dimen741
\height=\dimen742
\depth=\dimen743
\totalheight=\dimen744
\width=\dimen745
\height=\dimen746
\depth=\dimen747
\totalheight=\dimen748
\width=\dimen749
\height=\dimen750
\depth=\dimen751
\totalheight=\dimen752
\width=\dimen753
\height=\dimen754
\depth=\dimen755
\totalheight=\dimen756
\width=\dimen757
\height=\dimen758
\depth=\dimen759
\totalheight=\dimen760
\width=\dimen761
\height=\dimen762
\depth=\dimen763
\totalheight=\dimen764
\width=\dimen765
\height=\dimen766
\depth=\dimen767
\totalheight=\dimen768
\width=\dimen769
\height=\dimen770
\depth=\dimen771
\totalheight=\dimen772
\width=\dimen773
\height=\dimen774
\depth=\dimen775
\totalheight=\dimen776
\width=\dimen777
\height=\dimen778
\depth=\dimen779
\totalheight=\dimen780
\width=\dimen781
\height=\dimen782
\depth=\dimen783
\totalheight=\dimen784
\width=\dimen785
\height=\dimen786
\depth=\dimen787
\totalheight=\dimen788

Overfull \hbox (2.43329pt too wide) in paragraph at lines 387--387
 [][]\OT1/cmr/m/n/10.95 locked[] 
 []

\width=\dimen789
\height=\dimen790
\depth=\dimen791
\totalheight=\dimen792
\width=\dimen793
\height=\dimen794
\depth=\dimen795
\totalheight=\dimen796
\width=\dimen797
\height=\dimen798
\depth=\dimen799
\totalheight=\dimen800
\width=\dimen801
\height=\dimen802
\depth=\dimen803
\totalheight=\dimen804
\width=\dimen805
\height=\dimen806
\depth=\dimen807
\totalheight=\dimen808
\width=\dimen809
\height=\dimen810
\depth=\dimen811
\totalheight=\dimen812
\width=\dimen813
\height=\dimen814
\depth=\dimen815
\totalheight=\dimen816
\width=\dimen817
\height=\dimen818
\depth=\dimen819
\totalheight=\dimen820
\width=\dimen821
\height=\dimen822
\depth=\dimen823
\totalheight=\dimen824
\width=\dimen825
\height=\dimen826
\depth=\dimen827
\totalheight=\dimen828
\width=\dimen829
\height=\dimen830
\depth=\dimen831
\totalheight=\dimen832
\width=\dimen833
\height=\dimen834
\depth=\dimen835
\totalheight=\dimen836
\width=\dimen837
\height=\dimen838
\depth=\dimen839
\totalheight=\dimen840
\width=\dimen841
\height=\dimen842
\depth=\dimen843
\totalheight=\dimen844
\width=\dimen845
\height=\dimen846
\depth=\dimen847
\totalheight=\dimen848
\width=\dimen849
\height=\dimen850
\depth=\dimen851
\totalheight=\dimen852
\width=\dimen853
\height=\dimen854
\depth=\dimen855
\totalheight=\dimen856
\width=\dimen857
\height=\dimen858
\depth=\dimen859
\totalheight=\dimen860
\width=\dimen861
\height=\dimen862
\depth=\dimen863
\totalheight=\dimen864
\width=\dimen865
\height=\dimen866
\depth=\dimen867
\totalheight=\dimen868
\width=\dimen869
\height=\dimen870
\depth=\dimen871
\totalheight=\dimen872
\width=\dimen873
\height=\dimen874
\depth=\dimen875
\totalheight=\dimen876
\width=\dimen877
\height=\dimen878
\depth=\dimen879
\totalheight=\dimen880
\width=\dimen881
\height=\dimen882
\depth=\dimen883
\totalheight=\dimen884
\width=\dimen885
\height=\dimen886
\depth=\dimen887
\totalheight=\dimen888
\width=\dimen889
\height=\dimen890
\depth=\dimen891
\totalheight=\dimen892
\width=\dimen893
\height=\dimen894
\depth=\dimen895
\totalheight=\dimen896
\width=\dimen897
\height=\dimen898
\depth=\dimen899
\totalheight=\dimen900
\width=\dimen901
\height=\dimen902
\depth=\dimen903
\totalheight=\dimen904
\width=\dimen905
\height=\dimen906
\depth=\dimen907
\totalheight=\dimen908
\width=\dimen909
\height=\dimen910
\depth=\dimen911
\totalheight=\dimen912
\width=\dimen913
\height=\dimen914
\depth=\dimen915
\totalheight=\dimen916
\width=\dimen917
\height=\dimen918
\depth=\dimen919
\totalheight=\dimen920
\width=\dimen921
\height=\dimen922
\depth=\dimen923
\totalheight=\dimen924
\width=\dimen925
\height=\dimen926
\depth=\dimen927
\totalheight=\dimen928
\width=\dimen929
\height=\dimen930
\depth=\dimen931
\totalheight=\dimen932
\width=\dimen933
\height=\dimen934
\depth=\dimen935
\totalheight=\dimen936
\width=\dimen937
\height=\dimen938
\depth=\dimen939
\totalheight=\dimen940
\width=\dimen941
\height=\dimen942
\depth=\dimen943
\totalheight=\dimen944
\width=\dimen945
\height=\dimen946
\depth=\dimen947
\totalheight=\dimen948
\width=\dimen949
\height=\dimen950
\depth=\dimen951
\totalheight=\dimen952
\width=\dimen953
\height=\dimen954
\depth=\dimen955
\totalheight=\dimen956
\width=\dimen957
\height=\dimen958
\depth=\dimen959
\totalheight=\dimen960
\width=\dimen961
\height=\dimen962
\depth=\dimen963
\totalheight=\dimen964
\width=\dimen965
\height=\dimen966
\depth=\dimen967
\totalheight=\dimen968
\width=\dimen969
\height=\dimen970
\depth=\dimen971
\totalheight=\dimen972
\width=\dimen973
\height=\dimen974
\depth=\dimen975
\totalheight=\dimen976
\width=\dimen977
\height=\dimen978
\depth=\dimen979
\totalheight=\dimen980
\width=\dimen981
\height=\dimen982
\depth=\dimen983
\totalheight=\dimen984
\width=\dimen985
\height=\dimen986
\depth=\dimen987
\totalheight=\dimen988
\width=\dimen989
\height=\dimen990
\depth=\dimen991
\totalheight=\dimen992
\width=\dimen993
\height=\dimen994
\depth=\dimen995
\totalheight=\dimen996
\width=\dimen997
\height=\dimen998
\depth=\dimen999
\totalheight=\dimen1000

Overfull \hbox (5.73099pt too wide) in paragraph at lines 415--417
 [][] 
 []

[19] [20]
\width=\dimen1001
\height=\dimen1002
\depth=\dimen1003
\totalheight=\dimen1004
\width=\dimen1005
\height=\dimen1006
\depth=\dimen1007
\totalheight=\dimen1008
\width=\dimen1009
\height=\dimen1010
\depth=\dimen1011
\totalheight=\dimen1012
\width=\dimen1013
\height=\dimen1014
\depth=\dimen1015
\totalheight=\dimen1016
\width=\dimen1017
\height=\dimen1018
\depth=\dimen1019
\totalheight=\dimen1020
\width=\dimen1021
\height=\dimen1022
\depth=\dimen1023
\totalheight=\dimen1024

Overfull \hbox (5.73099pt too wide) in paragraph at lines 442--444
 [][] 
 []

\width=\dimen1025
\height=\dimen1026
\depth=\dimen1027
\totalheight=\dimen1028
\width=\dimen1029
\height=\dimen1030
\depth=\dimen1031
\totalheight=\dimen1032
\width=\dimen1033
\height=\dimen1034
\depth=\dimen1035
\totalheight=\dimen1036
\width=\dimen1037
\height=\dimen1038
\depth=\dimen1039
\totalheight=\dimen1040
\width=\dimen1041
\height=\dimen1042
\depth=\dimen1043
\totalheight=\dimen1044
\width=\dimen1045
\height=\dimen1046
\depth=\dimen1047
\totalheight=\dimen1048
\width=\dimen1049
\height=\dimen1050
\depth=\dimen1051
\totalheight=\dimen1052

Overfull \hbox (5.73099pt too wide) in paragraph at lines 470--472
 [][] 
 []

[21] [22]
\width=\dimen1053
\height=\dimen1054
\depth=\dimen1055
\totalheight=\dimen1056
\width=\dimen1057
\height=\dimen1058
\depth=\dimen1059
\totalheight=\dimen1060
\width=\dimen1061
\height=\dimen1062
\depth=\dimen1063
\totalheight=\dimen1064
\width=\dimen1065
\height=\dimen1066
\depth=\dimen1067
\totalheight=\dimen1068
\width=\dimen1069
\height=\dimen1070
\depth=\dimen1071
\totalheight=\dimen1072
\width=\dimen1073
\height=\dimen1074
\depth=\dimen1075
\totalheight=\dimen1076
 [23

]
\width=\dimen1077
\height=\dimen1078
\depth=\dimen1079
\totalheight=\dimen1080
\width=\dimen1081
\height=\dimen1082
\depth=\dimen1083
\totalheight=\dimen1084
\width=\dimen1085
\height=\dimen1086
\depth=\dimen1087
\totalheight=\dimen1088
\width=\dimen1089
\height=\dimen1090
\depth=\dimen1091
\totalheight=\dimen1092
\width=\dimen1093
\height=\dimen1094
\depth=\dimen1095
\totalheight=\dimen1096
\width=\dimen1097
\height=\dimen1098
\depth=\dimen1099
\totalheight=\dimen1100
\width=\dimen1101
\height=\dimen1102
\depth=\dimen1103
\totalheight=\dimen1104
\width=\dimen1105
\height=\dimen1106
\depth=\dimen1107
\totalheight=\dimen1108
\width=\dimen1109
\height=\dimen1110
\depth=\dimen1111
\totalheight=\dimen1112
\width=\dimen1113
\height=\dimen1114
\depth=\dimen1115
\totalheight=\dimen1116
\width=\dimen1117
\height=\dimen1118
\depth=\dimen1119
\totalheight=\dimen1120
\width=\dimen1121
\height=\dimen1122
\depth=\dimen1123
\totalheight=\dimen1124
\width=\dimen1125
\height=\dimen1126
\depth=\dimen1127
\totalheight=\dimen1128
\width=\dimen1129
\height=\dimen1130
\depth=\dimen1131
\totalheight=\dimen1132
 [24]
\width=\dimen1133
\height=\dimen1134
\depth=\dimen1135
\totalheight=\dimen1136
\width=\dimen1137
\height=\dimen1138
\depth=\dimen1139
\totalheight=\dimen1140
\width=\dimen1141
\height=\dimen1142
\depth=\dimen1143
\totalheight=\dimen1144
\width=\dimen1145
\height=\dimen1146
\depth=\dimen1147
\totalheight=\dimen1148
\width=\dimen1149
\height=\dimen1150
\depth=\dimen1151
\totalheight=\dimen1152
\width=\dimen1153
\height=\dimen1154
\depth=\dimen1155
\totalheight=\dimen1156
\width=\dimen1157
\height=\dimen1158
\depth=\dimen1159
\totalheight=\dimen1160
\width=\dimen1161
\height=\dimen1162
\depth=\dimen1163
\totalheight=\dimen1164
\width=\dimen1165
\height=\dimen1166
\depth=\dimen1167
\totalheight=\dimen1168
\width=\dimen1169
\height=\dimen1170
\depth=\dimen1171
\totalheight=\dimen1172
 [25

]
\width=\dimen1173
\height=\dimen1174
\depth=\dimen1175
\totalheight=\dimen1176
\width=\dimen1177
\height=\dimen1178
\depth=\dimen1179
\totalheight=\dimen1180
\width=\dimen1181
\height=\dimen1182
\depth=\dimen1183
\totalheight=\dimen1184
\width=\dimen1185
\height=\dimen1186
\depth=\dimen1187
\totalheight=\dimen1188
\width=\dimen1189
\height=\dimen1190
\depth=\dimen1191
\totalheight=\dimen1192
\width=\dimen1193
\height=\dimen1194
\depth=\dimen1195
\totalheight=\dimen1196
 [26]
\width=\dimen1197
\height=\dimen1198
\depth=\dimen1199
\totalheight=\dimen1200
\width=\dimen1201
\height=\dimen1202
\depth=\dimen1203
\totalheight=\dimen1204
\width=\dimen1205
\height=\dimen1206
\depth=\dimen1207
\totalheight=\dimen1208
\width=\dimen1209
\height=\dimen1210
\depth=\dimen1211
\totalheight=\dimen1212


LaTeX Warning: Hyper reference `s:s:server-petition' on page 27 undefined on in
put line 643.

[27]
\width=\dimen1213
\height=\dimen1214
\depth=\dimen1215
\totalheight=\dimen1216
\width=\dimen1217
\height=\dimen1218
\depth=\dimen1219
\totalheight=\dimen1220
\width=\dimen1221
\height=\dimen1222
\depth=\dimen1223
\totalheight=\dimen1224
\width=\dimen1225
\height=\dimen1226
\depth=\dimen1227
\totalheight=\dimen1228
\width=\dimen1229
\height=\dimen1230
\depth=\dimen1231
\totalheight=\dimen1232
\width=\dimen1233
\height=\dimen1234
\depth=\dimen1235
\totalheight=\dimen1236
\width=\dimen1237
\height=\dimen1238
\depth=\dimen1239
\totalheight=\dimen1240
\width=\dimen1241
\height=\dimen1242
\depth=\dimen1243
\totalheight=\dimen1244
\width=\dimen1245
\height=\dimen1246
\depth=\dimen1247
\totalheight=\dimen1248
\width=\dimen1249
\height=\dimen1250
\depth=\dimen1251
\totalheight=\dimen1252
\width=\dimen1253
\height=\dimen1254
\depth=\dimen1255
\totalheight=\dimen1256
\width=\dimen1257
\height=\dimen1258
\depth=\dimen1259
\totalheight=\dimen1260
\width=\dimen1261
\height=\dimen1262
\depth=\dimen1263
\totalheight=\dimen1264
\width=\dimen1265
\height=\dimen1266
\depth=\dimen1267
\totalheight=\dimen1268
\width=\dimen1269
\height=\dimen1270
\depth=\dimen1271
\totalheight=\dimen1272
\width=\dimen1273
\height=\dimen1274
\depth=\dimen1275
\totalheight=\dimen1276
\width=\dimen1277
\height=\dimen1278
\depth=\dimen1279
\totalheight=\dimen1280
\width=\dimen1281
\height=\dimen1282
\depth=\dimen1283
\totalheight=\dimen1284
 [28] [29]
\width=\dimen1285
\height=\dimen1286
\depth=\dimen1287
\totalheight=\dimen1288
\width=\dimen1289
\height=\dimen1290
\depth=\dimen1291
\totalheight=\dimen1292
\width=\dimen1293
\height=\dimen1294
\depth=\dimen1295
\totalheight=\dimen1296
\width=\dimen1297
\height=\dimen1298
\depth=\dimen1299
\totalheight=\dimen1300
\width=\dimen1301
\height=\dimen1302
\depth=\dimen1303
\totalheight=\dimen1304
\width=\dimen1305
\height=\dimen1306
\depth=\dimen1307
\totalheight=\dimen1308
 [30

]
\width=\dimen1309
\height=\dimen1310
\depth=\dimen1311
\totalheight=\dimen1312
\width=\dimen1313
\height=\dimen1314
\depth=\dimen1315
\totalheight=\dimen1316
\width=\dimen1317
\height=\dimen1318
\depth=\dimen1319
\totalheight=\dimen1320
\width=\dimen1321
\height=\dimen1322
\depth=\dimen1323
\totalheight=\dimen1324
\width=\dimen1325
\height=\dimen1326
\depth=\dimen1327
\totalheight=\dimen1328
\width=\dimen1329
\height=\dimen1330
\depth=\dimen1331
\totalheight=\dimen1332
\width=\dimen1333
\height=\dimen1334
\depth=\dimen1335
\totalheight=\dimen1336
\width=\dimen1337
\height=\dimen1338
\depth=\dimen1339
\totalheight=\dimen1340
\width=\dimen1341
\height=\dimen1342
\depth=\dimen1343
\totalheight=\dimen1344
\width=\dimen1345
\height=\dimen1346
\depth=\dimen1347
\totalheight=\dimen1348
\width=\dimen1349
\height=\dimen1350
\depth=\dimen1351
\totalheight=\dimen1352
 [31]
\width=\dimen1353
\height=\dimen1354
\depth=\dimen1355
\totalheight=\dimen1356
\width=\dimen1357
\height=\dimen1358
\depth=\dimen1359
\totalheight=\dimen1360
\width=\dimen1361
\height=\dimen1362
\depth=\dimen1363
\totalheight=\dimen1364
\width=\dimen1365
\height=\dimen1366
\depth=\dimen1367
\totalheight=\dimen1368
\width=\dimen1369
\height=\dimen1370
\depth=\dimen1371
\totalheight=\dimen1372
\width=\dimen1373
\height=\dimen1374
\depth=\dimen1375
\totalheight=\dimen1376
\width=\dimen1377
\height=\dimen1378
\depth=\dimen1379
\totalheight=\dimen1380
\width=\dimen1381
\height=\dimen1382
\depth=\dimen1383
\totalheight=\dimen1384
\width=\dimen1385
\height=\dimen1386
\depth=\dimen1387
\totalheight=\dimen1388
\width=\dimen1389
\height=\dimen1390
\depth=\dimen1391
\totalheight=\dimen1392
\width=\dimen1393
\height=\dimen1394
\depth=\dimen1395
\totalheight=\dimen1396
\width=\dimen1397
\height=\dimen1398
\depth=\dimen1399
\totalheight=\dimen1400
 [32]
\width=\dimen1401
\height=\dimen1402
\depth=\dimen1403
\totalheight=\dimen1404
\width=\dimen1405
\height=\dimen1406
\depth=\dimen1407
\totalheight=\dimen1408
\width=\dimen1409
\height=\dimen1410
\depth=\dimen1411
\totalheight=\dimen1412
\width=\dimen1413
\height=\dimen1414
\depth=\dimen1415
\totalheight=\dimen1416
\width=\dimen1417
\height=\dimen1418
\depth=\dimen1419
\totalheight=\dimen1420
\width=\dimen1421
\height=\dimen1422
\depth=\dimen1423
\totalheight=\dimen1424
\width=\dimen1425
\height=\dimen1426
\depth=\dimen1427
\totalheight=\dimen1428
\width=\dimen1429
\height=\dimen1430
\depth=\dimen1431
\totalheight=\dimen1432
\width=\dimen1433
\height=\dimen1434
\depth=\dimen1435
\totalheight=\dimen1436
\width=\dimen1437
\height=\dimen1438
\depth=\dimen1439
\totalheight=\dimen1440
\width=\dimen1441
\height=\dimen1442
\depth=\dimen1443
\totalheight=\dimen1444
\width=\dimen1445
\height=\dimen1446
\depth=\dimen1447
\totalheight=\dimen1448
\width=\dimen1449
\height=\dimen1450
\depth=\dimen1451
\totalheight=\dimen1452
\width=\dimen1453
\height=\dimen1454
\depth=\dimen1455
\totalheight=\dimen1456
\width=\dimen1457
\height=\dimen1458
\depth=\dimen1459
\totalheight=\dimen1460
\width=\dimen1461
\height=\dimen1462
\depth=\dimen1463
\totalheight=\dimen1464
\width=\dimen1465
\height=\dimen1466
\depth=\dimen1467
\totalheight=\dimen1468
\width=\dimen1469
\height=\dimen1470
\depth=\dimen1471
\totalheight=\dimen1472
\width=\dimen1473
\height=\dimen1474
\depth=\dimen1475
\totalheight=\dimen1476
\width=\dimen1477
\height=\dimen1478
\depth=\dimen1479
\totalheight=\dimen1480
 [33]
\width=\dimen1481
\height=\dimen1482
\depth=\dimen1483
\totalheight=\dimen1484
\width=\dimen1485
\height=\dimen1486
\depth=\dimen1487
\totalheight=\dimen1488
\width=\dimen1489
\height=\dimen1490
\depth=\dimen1491
\totalheight=\dimen1492
\width=\dimen1493
\height=\dimen1494
\depth=\dimen1495
\totalheight=\dimen1496
\width=\dimen1497
\height=\dimen1498
\depth=\dimen1499
\totalheight=\dimen1500
\width=\dimen1501
\height=\dimen1502
\depth=\dimen1503
\totalheight=\dimen1504
\width=\dimen1505
\height=\dimen1506
\depth=\dimen1507
\totalheight=\dimen1508
\width=\dimen1509
\height=\dimen1510
\depth=\dimen1511
\totalheight=\dimen1512
\width=\dimen1513
\height=\dimen1514
\depth=\dimen1515
\totalheight=\dimen1516
\width=\dimen1517
\height=\dimen1518
\depth=\dimen1519
\totalheight=\dimen1520
\width=\dimen1521
\height=\dimen1522
\depth=\dimen1523
\totalheight=\dimen1524
\width=\dimen1525
\height=\dimen1526
\depth=\dimen1527
\totalheight=\dimen1528
 [34]
\width=\dimen1529
\height=\dimen1530
\depth=\dimen1531
\totalheight=\dimen1532
\width=\dimen1533
\height=\dimen1534
\depth=\dimen1535
\totalheight=\dimen1536
\width=\dimen1537
\height=\dimen1538
\depth=\dimen1539
\totalheight=\dimen1540
\width=\dimen1541
\height=\dimen1542
\depth=\dimen1543
\totalheight=\dimen1544
\width=\dimen1545
\height=\dimen1546
\depth=\dimen1547
\totalheight=\dimen1548
\width=\dimen1549
\height=\dimen1550
\depth=\dimen1551
\totalheight=\dimen1552
\width=\dimen1553
\height=\dimen1554
\depth=\dimen1555
\totalheight=\dimen1556
\width=\dimen1557
\height=\dimen1558
\depth=\dimen1559
\totalheight=\dimen1560
\width=\dimen1561
\height=\dimen1562
\depth=\dimen1563
\totalheight=\dimen1564
\width=\dimen1565
\height=\dimen1566
\depth=\dimen1567
\totalheight=\dimen1568
\width=\dimen1569
\height=\dimen1570
\depth=\dimen1571
\totalheight=\dimen1572
\width=\dimen1573
\height=\dimen1574
\depth=\dimen1575
\totalheight=\dimen1576
\width=\dimen1577
\height=\dimen1578
\depth=\dimen1579
\totalheight=\dimen1580
\width=\dimen1581
\height=\dimen1582
\depth=\dimen1583
\totalheight=\dimen1584
\width=\dimen1585
\height=\dimen1586
\depth=\dimen1587
\totalheight=\dimen1588
\width=\dimen1589
\height=\dimen1590
\depth=\dimen1591
\totalheight=\dimen1592
\width=\dimen1593
\height=\dimen1594
\depth=\dimen1595
\totalheight=\dimen1596
\width=\dimen1597
\height=\dimen1598
\depth=\dimen1599
\totalheight=\dimen1600
\width=\dimen1601
\height=\dimen1602
\depth=\dimen1603
\totalheight=\dimen1604
\width=\dimen1605
\height=\dimen1606
\depth=\dimen1607
\totalheight=\dimen1608
 [35]
\width=\dimen1609
\height=\dimen1610
\depth=\dimen1611
\totalheight=\dimen1612
\width=\dimen1613
\height=\dimen1614
\depth=\dimen1615
\totalheight=\dimen1616
\width=\dimen1617
\height=\dimen1618
\depth=\dimen1619
\totalheight=\dimen1620
\width=\dimen1621
\height=\dimen1622
\depth=\dimen1623
\totalheight=\dimen1624
\width=\dimen1625
\height=\dimen1626
\depth=\dimen1627
\totalheight=\dimen1628
\width=\dimen1629
\height=\dimen1630
\depth=\dimen1631
\totalheight=\dimen1632
\width=\dimen1633
\height=\dimen1634
\depth=\dimen1635
\totalheight=\dimen1636
\width=\dimen1637
\height=\dimen1638
\depth=\dimen1639
\totalheight=\dimen1640
 [36] [37]
\width=\dimen1641
\height=\dimen1642
\depth=\dimen1643
\totalheight=\dimen1644
\width=\dimen1645
\height=\dimen1646
\depth=\dimen1647
\totalheight=\dimen1648
\width=\dimen1649
\height=\dimen1650
\depth=\dimen1651
\totalheight=\dimen1652
\width=\dimen1653
\height=\dimen1654
\depth=\dimen1655
\totalheight=\dimen1656
\width=\dimen1657
\height=\dimen1658
\depth=\dimen1659
\totalheight=\dimen1660
\width=\dimen1661
\height=\dimen1662
\depth=\dimen1663
\totalheight=\dimen1664
\width=\dimen1665
\height=\dimen1666
\depth=\dimen1667
\totalheight=\dimen1668
\width=\dimen1669
\height=\dimen1670
\depth=\dimen1671
\totalheight=\dimen1672
\width=\dimen1673
\height=\dimen1674
\depth=\dimen1675
\totalheight=\dimen1676
\width=\dimen1677
\height=\dimen1678
\depth=\dimen1679
\totalheight=\dimen1680
\width=\dimen1681
\height=\dimen1682
\depth=\dimen1683
\totalheight=\dimen1684
\width=\dimen1685
\height=\dimen1686
\depth=\dimen1687
\totalheight=\dimen1688
\width=\dimen1689
\height=\dimen1690
\depth=\dimen1691
\totalheight=\dimen1692
\width=\dimen1693
\height=\dimen1694
\depth=\dimen1695
\totalheight=\dimen1696
\width=\dimen1697
\height=\dimen1698
\depth=\dimen1699
\totalheight=\dimen1700
\width=\dimen1701
\height=\dimen1702
\depth=\dimen1703
\totalheight=\dimen1704
\width=\dimen1705
\height=\dimen1706
\depth=\dimen1707
\totalheight=\dimen1708
\width=\dimen1709
\height=\dimen1710
\depth=\dimen1711
\totalheight=\dimen1712
\width=\dimen1713
\height=\dimen1714
\depth=\dimen1715
\totalheight=\dimen1716
\width=\dimen1717
\height=\dimen1718
\depth=\dimen1719
\totalheight=\dimen1720
 [38

] [39]
\width=\dimen1721
\height=\dimen1722
\depth=\dimen1723
\totalheight=\dimen1724
\width=\dimen1725
\height=\dimen1726
\depth=\dimen1727
\totalheight=\dimen1728
\width=\dimen1729
\height=\dimen1730
\depth=\dimen1731
\totalheight=\dimen1732
\width=\dimen1733
\height=\dimen1734
\depth=\dimen1735
\totalheight=\dimen1736
\width=\dimen1737
\height=\dimen1738
\depth=\dimen1739
\totalheight=\dimen1740
\width=\dimen1741
\height=\dimen1742
\depth=\dimen1743
\totalheight=\dimen1744
\width=\dimen1745
\height=\dimen1746
\depth=\dimen1747
\totalheight=\dimen1748
\width=\dimen1749
\height=\dimen1750
\depth=\dimen1751
\totalheight=\dimen1752
\width=\dimen1753
\height=\dimen1754
\depth=\dimen1755
\totalheight=\dimen1756
\width=\dimen1757
\height=\dimen1758
\depth=\dimen1759
\totalheight=\dimen1760
\width=\dimen1761
\height=\dimen1762
\depth=\dimen1763
\totalheight=\dimen1764
\width=\dimen1765
\height=\dimen1766
\depth=\dimen1767
\totalheight=\dimen1768
\width=\dimen1769
\height=\dimen1770
\depth=\dimen1771
\totalheight=\dimen1772
\width=\dimen1773
\height=\dimen1774
\depth=\dimen1775
\totalheight=\dimen1776
\width=\dimen1777
\height=\dimen1778
\depth=\dimen1779
\totalheight=\dimen1780
\width=\dimen1781
\height=\dimen1782
\depth=\dimen1783
\totalheight=\dimen1784
\width=\dimen1785
\height=\dimen1786
\depth=\dimen1787
\totalheight=\dimen1788
\width=\dimen1789
\height=\dimen1790
\depth=\dimen1791
\totalheight=\dimen1792
\width=\dimen1793
\height=\dimen1794
\depth=\dimen1795
\totalheight=\dimen1796
\width=\dimen1797
\height=\dimen1798
\depth=\dimen1799
\totalheight=\dimen1800
\width=\dimen1801
\height=\dimen1802
\depth=\dimen1803
\totalheight=\dimen1804
\width=\dimen1805
\height=\dimen1806
\depth=\dimen1807
\totalheight=\dimen1808
\width=\dimen1809
\height=\dimen1810
\depth=\dimen1811
\totalheight=\dimen1812
 [40

]
\width=\dimen1813
\height=\dimen1814
\depth=\dimen1815
\totalheight=\dimen1816
\width=\dimen1817
\height=\dimen1818
\depth=\dimen1819
\totalheight=\dimen1820
\width=\dimen1821
\height=\dimen1822
\depth=\dimen1823
\totalheight=\dimen1824
\width=\dimen1825
\height=\dimen1826
\depth=\dimen1827
\totalheight=\dimen1828
\width=\dimen1829
\height=\dimen1830
\depth=\dimen1831
\totalheight=\dimen1832
\width=\dimen1833
\height=\dimen1834
\depth=\dimen1835
\totalheight=\dimen1836
\width=\dimen1837
\height=\dimen1838
\depth=\dimen1839
\totalheight=\dimen1840
\width=\dimen1841
\height=\dimen1842
\depth=\dimen1843
\totalheight=\dimen1844
\width=\dimen1845
\height=\dimen1846
\depth=\dimen1847
\totalheight=\dimen1848
\width=\dimen1849
\height=\dimen1850
\depth=\dimen1851
\totalheight=\dimen1852
\width=\dimen1853
\height=\dimen1854
\depth=\dimen1855
\totalheight=\dimen1856
\width=\dimen1857
\height=\dimen1858
\depth=\dimen1859
\totalheight=\dimen1860
 [41]
\width=\dimen1861
\height=\dimen1862
\depth=\dimen1863
\totalheight=\dimen1864
\width=\dimen1865
\height=\dimen1866
\depth=\dimen1867
\totalheight=\dimen1868
\width=\dimen1869
\height=\dimen1870
\depth=\dimen1871
\totalheight=\dimen1872
\width=\dimen1873
\height=\dimen1874
\depth=\dimen1875
\totalheight=\dimen1876
\width=\dimen1877
\height=\dimen1878
\depth=\dimen1879
\totalheight=\dimen1880
\width=\dimen1881
\height=\dimen1882
\depth=\dimen1883
\totalheight=\dimen1884

[42] [43

]
\openout2 = `A-Blocks.aux'.

 (./A-Blocks.tex [44


] [45] [46] [47] [48] [49] [50] [51] [52]
Overfull \hbox (63.45749pt too wide) in paragraph at lines 377--378
[]\OT1/cmr/m/n/10.95 Except for BROWN[]MUSHROOM[]BLOCK, MUSH-ROOM[]STEM and RED
[]MUSHROOM[]BLOCK
 []

[53] [54]
Overfull \hbox (3.78763pt too wide) in paragraph at lines 477--478
[]\OT1/cmr/m/n/10.95 Except for CHO-RUS[]PLANT, FIRE, GLOW[]LICHEN, SCULK[]VEIN
 and VINE (which
 []

[55] [56] [57] [58] [59] [60] [61] [62] [63] [64] [65] [66] [67] [68] [69]
[70]
Overfull \hbox (71.98616pt too wide) in paragraph at lines 1053--1054
[]\OT1/cmr/m/n/10.95 Except for CAMP-FIRE, RED-STONE[]TORCH, RED-STONE[]WALL[]T
ORCH and SOUL[]CAMPFIRE
 []

[71] [72] [73] [74] [75] [76] [77] [78] [79] [80] [81] [82] [83] [84] [85]
Underfull \hbox (badness 10000) in paragraph at lines 1638--1638
[][][]\OT1/cmr/m/n/9 BRAIN[]CORAL, BRAIN[]CORAL[]FAN, BRAIN[]CORAL[]WALL[]FAN, 
BUB-BLE[]CORAL,
 []


Underfull \hbox (badness 10000) in paragraph at lines 1638--1638
\OT1/cmr/m/n/9 BUB-BLE[]CORAL[]FAN, BUB-BLE[]CORAL[]WALL[]FAN, CON-DUIT, DEAD[]
BRAIN[]CORAL,
 []


Underfull \hbox (badness 10000) in paragraph at lines 1638--1638
\OT1/cmr/m/n/9 DEAD[]BRAIN[]CORAL[]FAN, DEAD[]BRAIN[]CORAL[]WALL[]FAN, DEAD[]BU
BBLE[]CORAL,
 []


Underfull \hbox (badness 10000) in paragraph at lines 1638--1638
\OT1/cmr/m/n/9 DEAD[]BUBBLE[]CORAL[]FAN, DEAD[]BUBBLE[]CORAL[]WALL[]FAN, DEAD[]
FIRE[]CORAL,
 []


Underfull \hbox (badness 10000) in paragraph at lines 1638--1638
\OT1/cmr/m/n/9 DEAD[]FIRE[]CORAL[]FAN, DEAD[]FIRE[]CORAL[]WALL[]FAN, DEAD[]HORN
[]CORAL,
 []


Underfull \hbox (badness 10000) in paragraph at lines 1638--1638
\OT1/cmr/m/n/9 DEAD[]HORN[]CORAL[]FAN, DEAD[]HORN[]CORAL[]WALL[]FAN, DEAD[]TUBE
[]CORAL,
 []


Underfull \hbox (badness 10000) in paragraph at lines 1638--1638
\OT1/cmr/m/n/9 FIRE[]CORAL[]WALL[]FAN, HORN[]CORAL, HORN[]CORAL[]FAN, HORN[]COR
AL[]WALL[]FAN,
 []

[86] [87] [88] [89] [90] [91] [92] [93] [94] [95] [96] [97] [98] [99] [100]
[101] [102] [103] [104]
Package rail Info: No file Protocols.rao on input line 2290.
\tf@rai=\write10
\openout10 = `Protocols.rai'.



Package rail Warning: Railroad diagram {1} doesn't match on input line 2297.


Package rail Warning: Railroad diagram {2} doesn't match on input line 2311.


Package rail Warning: Railroad diagram {3} doesn't match on input line 2322.


Package rail Warning: Railroad diagram {4} doesn't match on input line 2330.


Package rail Warning: Railroad diagram {5} doesn't match on input line 2353.


Package rail Warning: Railroad diagram {6} doesn't match on input line 2368.


Package rail Warning: Railroad diagram {7} doesn't match on input line 2377.

) [105
pdfTeX warning (ext4): destination with the same identifier (name{figure.A.1}) 
has been already used, duplicate ignored
<argument> ...shipout:D \box_use:N \l_shipout_box 
                                                  \__shipout_drop_firstpage_...
l.1154 \include{A-Blocks}
                         ] [106] (./Protocols.bbl)

Package rail Warning: Railroad diagram(s) may have changed. Use 'rail' and reru
n.

[107



] (./Protocols.aux (./A-Blocks.aux))

LaTeX Warning: There were undefined references.


LaTeX Warning: Label(s) may have changed. Rerun to get cross-references right.


Package rerunfilecheck Warning: File `Protocols.out' has changed.
(rerunfilecheck)                Rerun to get outlines right
(rerunfilecheck)                or use package `bookmark'.

Package rerunfilecheck Info: Checksums for `Protocols.out':
(rerunfilecheck)             Before: B6F3B10B96C8DB7D05474209D6F7AC50;17029
(rerunfilecheck)             After:  0FABFCA2657940B2ED5E23CDBAE94DC5;17256.
 ) 
Here is how much of TeX's memory you used:
 16432 strings out of 475075
 260648 string characters out of 5783001
 736337 words of memory out of 5000000
 37137 multiletter control sequences out of 15000+600000
 484443 words of font info for 69 fonts, out of 8000000 for 9000
 1141 hyphenation exceptions out of 8191
 91i,18n,91p,1136b,566s stack positions out of 10000i,1000n,20000p,200000b,200000s
{c:/texlive/2022/texmf-dist/fonts/enc/dvips/base/8r.enc}<c:/texlive/2022/texm
f-dist/fonts/type1/public/amsfonts/cm/cmbx10.pfb><c:/texlive/2022/texmf-dist/fo
nts/type1/public/amsfonts/cm/cmbx12.pfb><c:/texlive/2022/texmf-dist/fonts/type1
/public/amsfonts/cm/cmbxti10.pfb><c:/texlive/2022/texmf-dist/fonts/type1/public
/amsfonts/cm/cmmi10.pfb><c:/texlive/2022/texmf-dist/fonts/type1/public/amsfonts
/cm/cmmi8.pfb><c:/texlive/2022/texmf-dist/fonts/type1/public/amsfonts/cm/cmr10.
pfb><c:/texlive/2022/texmf-dist/fonts/type1/public/amsfonts/cm/cmr12.pfb><c:/te
xlive/2022/texmf-dist/fonts/type1/public/amsfonts/cm/cmr6.pfb><c:/texlive/2022/
texmf-dist/fonts/type1/public/amsfonts/cm/cmr8.pfb><c:/texlive/2022/texmf-dist/
fonts/type1/public/amsfonts/cm/cmr9.pfb><c:/texlive/2022/texmf-dist/fonts/type1
/public/amsfonts/cm/cmsy10.pfb><c:/texlive/2022/texmf-dist/fonts/type1/public/a
msfonts/cm/cmti10.pfb><c:/texlive/2022/texmf-dist/fonts/type1/public/amsfonts/c
m/cmtt10.pfb><c:/texlive/2022/texmf-dist/fonts/type1/public/amsfonts/latxfont/l
circle1.pfb><c:/texlive/2022/texmf-dist/fonts/type1/public/amsfonts/latxfont/li
ne10.pfb><c:/texlive/2022/texmf-dist/fonts/type1/urw/helvetic/uhvb8a.pfb><c:/te
xlive/2022/texmf-dist/fonts/type1/urw/helvetic/uhvr8a.pfb><c:/texlive/2022/texm
f-dist/fonts/type1/urw/zapfding/uzdr.pfb>
Output written on Protocols.pdf (107 pages, 428064 bytes).
PDF statistics:
 1899 PDF objects out of 2073 (max. 8388607)
 1736 compressed objects within 18 object streams
 387 named destinations out of 1000 (max. 500000)
 1017 words of extra memory for PDF output out of 10000 (max. 10000000)

